2009-03-20 04:15:08,761 ERROR - Error while sending data to the visualizer(socket)
2009-03-20 04:46:47,558 ERROR - Cannot create some trace out.
java.net.BindException: Address already in use: JVM_Bind
	at java.net.PlainSocketImpl.socketBind(Native Method)
	at java.net.PlainSocketImpl.bind(Unknown Source)
	at java.net.ServerSocket.bind(Unknown Source)
	at java.net.ServerSocket.<init>(Unknown Source)
	at java.net.ServerSocket.<init>(Unknown Source)
	at com.stanfy.contest.g.<init>(Unknown Source)
	at com.stanfy.contest.ServerStarter.main(Unknown Source)
	at sun.reflect.NativeMethodAccessorImpl.invoke0(Native Method)
	at sun.reflect.NativeMethodAccessorImpl.invoke(Unknown Source)
	at sun.reflect.DelegatingMethodAccessorImpl.invoke(Unknown Source)
	at java.lang.reflect.Method.invoke(Unknown Source)
	at loader.Loader.start(Loader.java:283)
	at loader.Loader.main(Loader.java:316)
2009-03-20 04:46:47,560 FATAL - Cannot init client connector.
java.net.BindException: Address already in use: JVM_Bind
	at java.net.PlainSocketImpl.socketBind(Native Method)
	at java.net.PlainSocketImpl.bind(Unknown Source)
	at java.net.ServerSocket.bind(Unknown Source)
	at java.net.ServerSocket.<init>(Unknown Source)
	at java.net.ServerSocket.<init>(Unknown Source)
	at com.stanfy.contest.a.e.b(Unknown Source)
	at com.stanfy.contest.e.m(Unknown Source)
	at com.stanfy.contest.a.e.m(Unknown Source)
	at com.stanfy.contest.c.run(Unknown Source)
	at java.lang.Thread.run(Unknown Source)
2009-03-20 04:46:47,559 FATAL - Cannot init client connector.
java.net.BindException: Address already in use: JVM_Bind
	at java.net.PlainSocketImpl.socketBind(Native Method)
	at java.net.PlainSocketImpl.bind(Unknown Source)
	at java.net.ServerSocket.bind(Unknown Source)
	at java.net.ServerSocket.<init>(Unknown Source)
	at java.net.ServerSocket.<init>(Unknown Source)
	at com.stanfy.contest.a.e.b(Unknown Source)
	at com.stanfy.contest.e.m(Unknown Source)
	at com.stanfy.contest.a.e.m(Unknown Source)
	at com.stanfy.contest.c.run(Unknown Source)
	at java.lang.Thread.run(Unknown Source)
2009-03-20 04:47:02,192 FATAL - Cannot init client connector.
java.net.BindException: Address already in use: JVM_Bind
	at java.net.PlainSocketImpl.socketBind(Native Method)
	at java.net.PlainSocketImpl.bind(Unknown Source)
	at java.net.ServerSocket.bind(Unknown Source)
	at java.net.ServerSocket.<init>(Unknown Source)
	at java.net.ServerSocket.<init>(Unknown Source)
	at com.stanfy.contest.a.e.b(Unknown Source)
	at com.stanfy.contest.e.m(Unknown Source)
	at com.stanfy.contest.a.e.m(Unknown Source)
	at com.stanfy.contest.c.run(Unknown Source)
	at java.lang.Thread.run(Unknown Source)
2009-03-20 04:47:02,196 ERROR - Cannot create some trace out.
java.net.BindException: Address already in use: JVM_Bind
	at java.net.PlainSocketImpl.socketBind(Native Method)
	at java.net.PlainSocketImpl.bind(Unknown Source)
	at java.net.ServerSocket.bind(Unknown Source)
	at java.net.ServerSocket.<init>(Unknown Source)
	at java.net.ServerSocket.<init>(Unknown Source)
	at com.stanfy.contest.g.<init>(Unknown Source)
	at com.stanfy.contest.ServerStarter.main(Unknown Source)
	at sun.reflect.NativeMethodAccessorImpl.invoke0(Native Method)
	at sun.reflect.NativeMethodAccessorImpl.invoke(Unknown Source)
	at sun.reflect.DelegatingMethodAccessorImpl.invoke(Unknown Source)
	at java.lang.reflect.Method.invoke(Unknown Source)
	at loader.Loader.start(Loader.java:283)
	at loader.Loader.main(Loader.java:316)
2009-03-20 04:47:02,195 FATAL - Cannot init client connector.
java.net.BindException: Address already in use: JVM_Bind
	at java.net.PlainSocketImpl.socketBind(Native Method)
	at java.net.PlainSocketImpl.bind(Unknown Source)
	at java.net.ServerSocket.bind(Unknown Source)
	at java.net.ServerSocket.<init>(Unknown Source)
	at java.net.ServerSocket.<init>(Unknown Source)
	at com.stanfy.contest.a.e.b(Unknown Source)
	at com.stanfy.contest.e.m(Unknown Source)
	at com.stanfy.contest.a.e.m(Unknown Source)
	at com.stanfy.contest.c.run(Unknown Source)
	at java.lang.Thread.run(Unknown Source)
2009-03-20 04:47:05,609 ERROR - Error while sending data to the visualizer(socket)
2009-03-20 04:47:05,610 ERROR - Error while sending data to the visualizer(socket)
2009-03-20 04:47:13,163 ERROR - Error while sending data to the visualizer(socket)
2009-03-20 04:47:42,661 FATAL - Unable to create game model: / by zero
java.lang.ArithmeticException: / by zero
	at com.stanfy.contest.b.d.<init>(Unknown Source)
	at com.stanfy.contest.b.c.<init>(Unknown Source)
	at com.stanfy.contest.ServerStarter.main(Unknown Source)
	at sun.reflect.NativeMethodAccessorImpl.invoke0(Native Method)
	at sun.reflect.NativeMethodAccessorImpl.invoke(Unknown Source)
	at sun.reflect.DelegatingMethodAccessorImpl.invoke(Unknown Source)
	at java.lang.reflect.Method.invoke(Unknown Source)
	at loader.Loader.start(Loader.java:283)
	at loader.Loader.main(Loader.java:316)
2009-03-20 04:47:55,233 ERROR - Error while sending data to the visualizer(socket)
2009-03-20 04:48:01,201 FATAL - Unable to create game model: / by zero
java.lang.ArithmeticException: / by zero
	at com.stanfy.contest.b.d.<init>(Unknown Source)
	at com.stanfy.contest.b.c.<init>(Unknown Source)
	at com.stanfy.contest.ServerStarter.main(Unknown Source)
	at sun.reflect.NativeMethodAccessorImpl.invoke0(Native Method)
	at sun.reflect.NativeMethodAccessorImpl.invoke(Unknown Source)
	at sun.reflect.DelegatingMethodAccessorImpl.invoke(Unknown Source)
	at java.lang.reflect.Method.invoke(Unknown Source)
	at loader.Loader.start(Loader.java:283)
	at loader.Loader.main(Loader.java:316)
2009-03-20 04:48:11,276 FATAL - Unable to create game model: / by zero
java.lang.ArithmeticException: / by zero
	at com.stanfy.contest.b.d.<init>(Unknown Source)
	at com.stanfy.contest.b.c.<init>(Unknown Source)
	at com.stanfy.contest.ServerStarter.main(Unknown Source)
	at sun.reflect.NativeMethodAccessorImpl.invoke0(Native Method)
	at sun.reflect.NativeMethodAccessorImpl.invoke(Unknown Source)
	at sun.reflect.DelegatingMethodAccessorImpl.invoke(Unknown Source)
	at java.lang.reflect.Method.invoke(Unknown Source)
	at loader.Loader.start(Loader.java:283)
	at loader.Loader.main(Loader.java:316)
2009-03-20 04:48:24,326 FATAL - Unable to create game model: / by zero
java.lang.ArithmeticException: / by zero
	at com.stanfy.contest.b.d.<init>(Unknown Source)
	at com.stanfy.contest.b.c.<init>(Unknown Source)
	at com.stanfy.contest.ServerStarter.main(Unknown Source)
	at sun.reflect.NativeMethodAccessorImpl.invoke0(Native Method)
	at sun.reflect.NativeMethodAccessorImpl.invoke(NativeMethodAccessorImpl.java:39)
	at sun.reflect.DelegatingMethodAccessorImpl.invoke(DelegatingMethodAccessorImpl.java:25)
	at java.lang.reflect.Method.invoke(Method.java:597)
	at loader.Loader.start(Loader.java:283)
	at loader.Loader.main(Loader.java:316)
2009-03-20 04:49:54,952 FATAL - Cannot init client connector.
java.net.BindException: Address already in use: JVM_Bind
	at java.net.PlainSocketImpl.socketBind(Native Method)
	at java.net.PlainSocketImpl.bind(PlainSocketImpl.java:359)
	at java.net.ServerSocket.bind(ServerSocket.java:319)
	at java.net.ServerSocket.<init>(ServerSocket.java:185)
	at java.net.ServerSocket.<init>(ServerSocket.java:97)
	at com.stanfy.contest.a.e.b(Unknown Source)
	at com.stanfy.contest.e.m(Unknown Source)
	at com.stanfy.contest.a.e.m(Unknown Source)
	at com.stanfy.contest.c.run(Unknown Source)
	at java.lang.Thread.run(Thread.java:619)
2009-03-20 04:49:54,952 ERROR - Cannot create some trace out.
java.net.BindException: Address already in use: JVM_Bind
	at java.net.PlainSocketImpl.socketBind(Native Method)
	at java.net.PlainSocketImpl.bind(PlainSocketImpl.java:359)
	at java.net.ServerSocket.bind(ServerSocket.java:319)
	at java.net.ServerSocket.<init>(ServerSocket.java:185)
	at java.net.ServerSocket.<init>(ServerSocket.java:97)
	at com.stanfy.contest.g.<init>(Unknown Source)
	at com.stanfy.contest.ServerStarter.main(Unknown Source)
	at sun.reflect.NativeMethodAccessorImpl.invoke0(Native Method)
	at sun.reflect.NativeMethodAccessorImpl.invoke(NativeMethodAccessorImpl.java:39)
	at sun.reflect.DelegatingMethodAccessorImpl.invoke(DelegatingMethodAccessorImpl.java:25)
	at java.lang.reflect.Method.invoke(Method.java:597)
	at loader.Loader.start(Loader.java:283)
	at loader.Loader.main(Loader.java:316)
2009-03-20 04:50:00,690 ERROR - Cannot create some trace out.
java.net.BindException: Address already in use: JVM_Bind
	at java.net.PlainSocketImpl.socketBind(Native Method)
	at java.net.PlainSocketImpl.bind(PlainSocketImpl.java:359)
	at java.net.ServerSocket.bind(ServerSocket.java:319)
	at java.net.ServerSocket.<init>(ServerSocket.java:185)
	at java.net.ServerSocket.<init>(ServerSocket.java:97)
	at com.stanfy.contest.g.<init>(Unknown Source)
	at com.stanfy.contest.ServerStarter.main(Unknown Source)
	at sun.reflect.NativeMethodAccessorImpl.invoke0(Native Method)
	at sun.reflect.NativeMethodAccessorImpl.invoke(NativeMethodAccessorImpl.java:39)
	at sun.reflect.DelegatingMethodAccessorImpl.invoke(DelegatingMethodAccessorImpl.java:25)
	at java.lang.reflect.Method.invoke(Method.java:597)
	at loader.Loader.start(Loader.java:283)
	at loader.Loader.main(Loader.java:316)
2009-03-20 04:50:00,731 FATAL - Cannot init client connector.
java.net.BindException: Address already in use: JVM_Bind
	at java.net.PlainSocketImpl.socketBind(Native Method)
	at java.net.PlainSocketImpl.bind(PlainSocketImpl.java:359)
	at java.net.ServerSocket.bind(ServerSocket.java:319)
	at java.net.ServerSocket.<init>(ServerSocket.java:185)
	at java.net.ServerSocket.<init>(ServerSocket.java:97)
	at com.stanfy.contest.a.e.b(Unknown Source)
	at com.stanfy.contest.e.m(Unknown Source)
	at com.stanfy.contest.a.e.m(Unknown Source)
	at com.stanfy.contest.c.run(Unknown Source)
	at java.lang.Thread.run(Thread.java:619)
2009-03-20 04:50:00,763 FATAL - Cannot init client connector.
java.net.BindException: Address already in use: JVM_Bind
	at java.net.PlainSocketImpl.socketBind(Native Method)
	at java.net.PlainSocketImpl.bind(PlainSocketImpl.java:359)
	at java.net.ServerSocket.bind(ServerSocket.java:319)
	at java.net.ServerSocket.<init>(ServerSocket.java:185)
	at java.net.ServerSocket.<init>(ServerSocket.java:97)
	at com.stanfy.contest.a.e.b(Unknown Source)
	at com.stanfy.contest.e.m(Unknown Source)
	at com.stanfy.contest.a.e.m(Unknown Source)
	at com.stanfy.contest.c.run(Unknown Source)
	at java.lang.Thread.run(Thread.java:619)
